2026-05-16T15:30:04.270+0800	FATAL	initialize/mysql.go:17	连接数据库失败	{"error": "Error 1045 (28000): Access denied for user 'root'@'localhost' (using password: YES)"}
IndulgenceMealPlan/initialize.InitMySQL
	/Users/chenyefeng/Documents/go项目/IndulgenceMealPlan/initialize/mysql.go:17
main.main
	/Users/chenyefeng/Documents/go项目/IndulgenceMealPlan/main.go:40
runtime.main
	/usr/local/go/src/runtime/proc.go:290
2026-05-16T15:31:29.455+0800	INFO	IndulgenceMealPlan/main.go:76	服务启动	{"addr": ":8080"}
2026-05-16T15:31:59.878+0800	INFO	middleware/logger.go:27	请求日志	{"status": 204, "method": "OPTIONS", "path": "/api/v1/meals/range?start_date=2026-05-09&end_date=2026-05-16", "ip": "::1", "latency": "235.333µs"}
2026-05-16T15:31:59.878+0800	INFO	middleware/logger.go:27	请求日志	{"status": 204, "method": "OPTIONS", "path": "/api/v1/meals/range?start_date=2026-05-09&end_date=2026-05-16", "ip": "::1", "latency": "2.125µs"}
2026-05-16T15:31:59.879+0800	INFO	middleware/logger.go:27	请求日志	{"status": 401, "method": "GET", "path": "/api/v1/meals/range?start_date=2026-05-09&end_date=2026-05-16", "ip": "::1", "latency": "636.333µs"}
2026-05-16T15:31:59.880+0800	INFO	middleware/logger.go:27	请求日志	{"status": 401, "method": "GET", "path": "/api/v1/meals/range?start_date=2026-05-09&end_date=2026-05-16", "ip": "::1", "latency": "146.75µs"}
2026-05-16T15:32:03.313+0800	INFO	middleware/logger.go:27	请求日志	{"status": 200, "method": "POST", "path": "/api/v1/auth/login", "ip": "::1", "latency": "2.195958ms"}
2026-05-16T15:32:03.343+0800	INFO	middleware/logger.go:27	请求日志	{"status": 200, "method": "GET", "path": "/api/v1/meals/range?start_date=2026-05-09&end_date=2026-05-16", "ip": "::1", "latency": "3.751958ms"}
2026-05-16T15:32:03.344+0800	INFO	middleware/logger.go:27	请求日志	{"status": 200, "method": "GET", "path": "/api/v1/meals/range?start_date=2026-05-09&end_date=2026-05-16", "ip": "::1", "latency": "604.209µs"}
2026-05-16T15:32:10.662+0800	INFO	middleware/logger.go:27	请求日志	{"status": 204, "method": "OPTIONS", "path": "/api/v1/chat", "ip": "::1", "latency": "23.5µs"}
2026-05-16T15:32:17.582+0800	INFO	middleware/logger.go:27	请求日志	{"status": 200, "method": "POST", "path": "/api/v1/chat", "ip": "::1", "latency": "6.919656041s"}
2026-05-16T15:33:32.284+0800	INFO	middleware/logger.go:27	请求日志	{"status": 204, "method": "OPTIONS", "path": "/api/v1/chat", "ip": "::1", "latency": "48.208µs"}
2026-05-16T15:33:42.165+0800	INFO	middleware/logger.go:27	请求日志	{"status": 200, "method": "POST", "path": "/api/v1/chat", "ip": "::1", "latency": "9.879921334s"}
2026-05-16T15:33:59.339+0800	INFO	IndulgenceMealPlan/main.go:86	收到关闭信号	{"signal": "interrupt"}
2026-05-16T15:33:59.339+0800	INFO	IndulgenceMealPlan/main.go:95	正在关闭HTTP服务...
2026-05-16T15:33:59.340+0800	INFO	initialize/mysql.go:39	MySQL连接已关闭
2026-05-16T15:33:59.340+0800	INFO	initialize/redis.go:32	Redis连接已关闭
2026-05-16T15:33:59.340+0800	INFO	IndulgenceMealPlan/main.go:104	服务已关闭
2026-05-16T15:36:55.985+0800	INFO	IndulgenceMealPlan/main.go:76	服务启动	{"addr": ":8080"}
2026-05-16T15:37:00.090+0800	INFO	middleware/logger.go:27	请求日志	{"status": 204, "method": "OPTIONS", "path": "/api/v1/meals/range?start_date=2026-05-09&end_date=2026-05-16", "ip": "::1", "latency": "35.5µs"}
2026-05-16T15:37:00.090+0800	INFO	middleware/logger.go:27	请求日志	{"status": 204, "method": "OPTIONS", "path": "/api/v1/meals/range?start_date=2026-05-09&end_date=2026-05-16", "ip": "::1", "latency": "42.833µs"}
2026-05-16T15:37:00.091+0800	INFO	middleware/logger.go:27	请求日志	{"status": 200, "method": "GET", "path": "/api/v1/meals/range?start_date=2026-05-09&end_date=2026-05-16", "ip": "::1", "latency": "320.042µs"}
2026-05-16T15:37:00.092+0800	INFO	middleware/logger.go:27	请求日志	{"status": 200, "method": "GET", "path": "/api/v1/meals/range?start_date=2026-05-09&end_date=2026-05-16", "ip": "::1", "latency": "162.708µs"}
2026-05-16T15:37:02.976+0800	INFO	middleware/logger.go:27	请求日志	{"status": 200, "method": "GET", "path": "/api/v1/meals/range?start_date=2026-05-09&end_date=2026-05-16", "ip": "::1", "latency": "798.125µs"}
2026-05-16T15:37:02.978+0800	INFO	middleware/logger.go:27	请求日志	{"status": 200, "method": "GET", "path": "/api/v1/meals/range?start_date=2026-05-09&end_date=2026-05-16", "ip": "::1", "latency": "1.311542ms"}
2026-05-16T15:37:07.074+0800	INFO	middleware/logger.go:27	请求日志	{"status": 204, "method": "OPTIONS", "path": "/api/v1/chat", "ip": "::1", "latency": "80.708µs"}
2026-05-16T15:37:13.954+0800	INFO	middleware/logger.go:27	请求日志	{"status": 200, "method": "POST", "path": "/api/v1/chat", "ip": "::1", "latency": "6.878366584s"}
2026-05-16T15:37:22.867+0800	INFO	IndulgenceMealPlan/main.go:86	收到关闭信号	{"signal": "interrupt"}
2026-05-16T15:37:22.867+0800	INFO	IndulgenceMealPlan/main.go:95	正在关闭HTTP服务...
2026-05-16T15:37:22.868+0800	INFO	initialize/mysql.go:39	MySQL连接已关闭
2026-05-16T15:37:22.868+0800	INFO	initialize/redis.go:32	Redis连接已关闭
2026-05-16T15:37:22.868+0800	INFO	IndulgenceMealPlan/main.go:104	服务已关闭
